17-Dec-2022 00:00:21.746 INFO [http-nio-8080-exec-69] org.apache.catalina.core.StandardContext.reload Reloading Context with name [/num] has started
17-Dec-2022 00:00:22.066 INFO [http-nio-8080-exec-69] org.apache.jasper.servlet.TldScanner.scanJars At least one JAR was scanned for TLDs yet contained no TLDs. Enable debug logging for this logger for a complete list of JARs that were scanned but no TLDs were found in them. Skipping unneeded JARs during scanning can improve startup time and JSP compilation time.
17-Dec-2022 00:00:22.079 INFO [http-nio-8080-exec-69] org.apache.catalina.core.StandardContext.reload Reloading Context with name [/num] is completed
17-Dec-2022 00:03:33.873 INFO [http-nio-8080-exec-73] org.apache.catalina.core.StandardContext.reload Reloading Context with name [/num] has started
17-Dec-2022 00:03:34.192 INFO [http-nio-8080-exec-73] org.apache.jasper.servlet.TldScanner.scanJars At least one JAR was scanned for TLDs yet contained no TLDs. Enable debug logging for this logger for a complete list of JARs that were scanned but no TLDs were found in them. Skipping unneeded JARs during scanning can improve startup time and JSP compilation time.
17-Dec-2022 00:03:34.204 INFO [http-nio-8080-exec-73] org.apache.catalina.core.StandardContext.reload Reloading Context with name [/num] is completed
17-Dec-2022 00:04:45.999 INFO [http-nio-8080-exec-79] org.apache.catalina.core.StandardContext.reload Reloading Context with name [/num] has started
17-Dec-2022 00:04:46.314 INFO [http-nio-8080-exec-79] org.apache.jasper.servlet.TldScanner.scanJars At least one JAR was scanned for TLDs yet contained no TLDs. Enable debug logging for this logger for a complete list of JARs that were scanned but no TLDs were found in them. Skipping unneeded JARs during scanning can improve startup time and JSP compilation time.
17-Dec-2022 00:04:46.327 INFO [http-nio-8080-exec-79] org.apache.catalina.core.StandardContext.reload Reloading Context with name [/num] is completed
17-Dec-2022 00:05:00.709 INFO [http-nio-8080-exec-78] org.apache.catalina.core.StandardContext.reload Reloading Context with name [/num] has started
17-Dec-2022 00:05:01.033 INFO [http-nio-8080-exec-78] org.apache.jasper.servlet.TldScanner.scanJars At least one JAR was scanned for TLDs yet contained no TLDs. Enable debug logging for this logger for a complete list of JARs that were scanned but no TLDs were found in them. Skipping unneeded JARs during scanning can improve startup time and JSP compilation time.
17-Dec-2022 00:05:01.046 INFO [http-nio-8080-exec-78] org.apache.catalina.core.StandardContext.reload Reloading Context with name [/num] is completed
17-Dec-2022 00:05:15.353 INFO [http-nio-8080-exec-80] org.apache.catalina.core.StandardContext.reload Reloading Context with name [/num] has started
17-Dec-2022 00:05:15.676 INFO [http-nio-8080-exec-80] org.apache.jasper.servlet.TldScanner.scanJars At least one JAR was scanned for TLDs yet contained no TLDs. Enable debug logging for this logger for a complete list of JARs that were scanned but no TLDs were found in them. Skipping unneeded JARs during scanning can improve startup time and JSP compilation time.
17-Dec-2022 00:05:15.689 INFO [http-nio-8080-exec-80] org.apache.catalina.core.StandardContext.reload Reloading Context with name [/num] is completed
17-Dec-2022 00:05:20.487 INFO [http-nio-8080-exec-84] org.apache.catalina.core.StandardContext.reload Reloading Context with name [/num] has started
17-Dec-2022 00:05:20.800 INFO [http-nio-8080-exec-84] org.apache.jasper.servlet.TldScanner.scanJars At least one JAR was scanned for TLDs yet contained no TLDs. Enable debug logging for this logger for a complete list of JARs that were scanned but no TLDs were found in them. Skipping unneeded JARs during scanning can improve startup time and JSP compilation time.
17-Dec-2022 00:05:20.813 INFO [http-nio-8080-exec-84] org.apache.catalina.core.StandardContext.reload Reloading Context with name [/num] is completed
17-Dec-2022 00:05:42.458 INFO [http-nio-8080-exec-80] org.apache.catalina.core.StandardContext.reload Reloading Context with name [/num] has started
17-Dec-2022 00:05:42.766 INFO [http-nio-8080-exec-80] org.apache.jasper.servlet.TldScanner.scanJars At least one JAR was scanned for TLDs yet contained no TLDs. Enable debug logging for this logger for a complete list of JARs that were scanned but no TLDs were found in them. Skipping unneeded JARs during scanning can improve startup time and JSP compilation time.
17-Dec-2022 00:05:42.779 INFO [http-nio-8080-exec-80] org.apache.catalina.core.StandardContext.reload Reloading Context with name [/num] is completed
17-Dec-2022 00:05:44.246 SEVERE [http-nio-8080-exec-79] org.apache.jasper.compiler.JDTCompiler$1.findType Failed to load class [java.lang.System]
	org.eclipse.jdt.internal.compiler.classfmt.ClassFormatException
		at org.eclipse.jdt.internal.compiler.classfmt.ClassFileReader.<init>(ClassFileReader.java:406)
		at org.apache.jasper.compiler.JDTCompiler$1.findType(JDTCompiler.java:231)
		at org.apache.jasper.compiler.JDTCompiler$1.findType(JDTCompiler.java:207)
		at org.eclipse.jdt.internal.compiler.lookup.LookupEnvironment.askForType(LookupEnvironment.java:174)
		at org.eclipse.jdt.internal.compiler.lookup.PackageBinding.getType(PackageBinding.java:145)
		at org.eclipse.jdt.internal.compiler.lookup.Scope.findType(Scope.java:1926)
		at org.eclipse.jdt.internal.compiler.lookup.Scope.getTypeOrPackage(Scope.java:3254)
		at org.eclipse.jdt.internal.compiler.lookup.Scope.getBinding(Scope.java:2192)
		at org.eclipse.jdt.internal.compiler.ast.SingleNameReference.resolveType(SingleNameReference.java:987)
		at org.eclipse.jdt.internal.compiler.ast.MessageSend.resolveType(MessageSend.java:636)
		at org.eclipse.jdt.internal.compiler.ast.LocalDeclaration.resolve(LocalDeclaration.java:252)
		at org.eclipse.jdt.internal.compiler.ast.Block.resolveUsing(Block.java:130)
		at org.eclipse.jdt.internal.compiler.ast.TryStatement.resolve(TryStatement.java:1073)
		at org.eclipse.jdt.internal.compiler.ast.AbstractMethodDeclaration.resolveStatements(AbstractMethodDeclaration.java:634)
		at org.eclipse.jdt.internal.compiler.ast.MethodDeclaration.resolveStatements(MethodDeclaration.java:306)
		at org.eclipse.jdt.internal.compiler.ast.AbstractMethodDeclaration.resolve(AbstractMethodDeclaration.java:544)
		at org.eclipse.jdt.internal.compiler.ast.TypeDeclaration.resolve(TypeDeclaration.java:1195)
		at org.eclipse.jdt.internal.compiler.ast.TypeDeclaration.resolve(TypeDeclaration.java:1308)
		at org.eclipse.jdt.internal.compiler.ast.CompilationUnitDeclaration.resolve(CompilationUnitDeclaration.java:593)
		at org.eclipse.jdt.internal.compiler.Compiler.process(Compiler.java:867)
		at org.eclipse.jdt.internal.compiler.Compiler.processCompiledUnits(Compiler.java:550)
		at org.eclipse.jdt.internal.compiler.Compiler.compile(Compiler.java:462)
		at org.eclipse.jdt.internal.compiler.Compiler.compile(Compiler.java:417)
		at org.apache.jasper.compiler.JDTCompiler.generateClass(JDTCompiler.java:556)
		at org.apache.jasper.compiler.Compiler.compile(Compiler.java:380)
		at org.apache.jasper.compiler.Compiler.compile(Compiler.java:350)
		at org.apache.jasper.compiler.Compiler.compile(Compiler.java:334)
		at org.apache.jasper.JspCompilationContext.compile(JspCompilationContext.java:597)
		at org.apache.jasper.servlet.JspServletWrapper.service(JspServletWrapper.java:398)
		at org.apache.jasper.servlet.JspServlet.serviceJspFile(JspServlet.java:383)
		at org.apache.jasper.servlet.JspServlet.service(JspServlet.java:331)
		at javax.servlet.http.HttpServlet.service(HttpServlet.java:764)
		at org.apache.catalina.core.ApplicationFilterChain.internalDoFilter(ApplicationFilterChain.java:231)
		at org.apache.catalina.core.ApplicationFilterChain.doFilter(ApplicationFilterChain.java:166)
		at org.apache.tomcat.websocket.server.WsFilter.doFilter(WsFilter.java:52)
		at org.apache.catalina.core.ApplicationFilterChain.internalDoFilter(ApplicationFilterChain.java:193)
		at org.apache.catalina.core.ApplicationFilterChain.doFilter(ApplicationFilterChain.java:166)
		at org.apache.catalina.core.StandardWrapperValve.invoke(StandardWrapperValve.java:197)
		at org.apache.catalina.core.StandardContextValve.invoke(StandardContextValve.java:97)
		at org.apache.catalina.authenticator.AuthenticatorBase.invoke(AuthenticatorBase.java:543)
		at org.apache.catalina.core.StandardHostValve.invoke(StandardHostValve.java:135)
		at org.apache.catalina.valves.ErrorReportValve.invoke(ErrorReportValve.java:92)
		at org.apache.catalina.valves.AbstractAccessLogValve.invoke(AbstractAccessLogValve.java:698)
		at org.apache.catalina.core.StandardEngineValve.invoke(StandardEngineValve.java:78)
		at org.apache.catalina.connector.CoyoteAdapter.service(CoyoteAdapter.java:367)
		at org.apache.coyote.http11.Http11Processor.service(Http11Processor.java:639)
		at org.apache.coyote.AbstractProcessorLight.process(AbstractProcessorLight.java:65)
		at org.apache.coyote.AbstractProtocol$ConnectionHandler.process(AbstractProtocol.java:882)
		at org.apache.tomcat.util.net.NioEndpoint$SocketProcessor.doRun(NioEndpoint.java:1647)
		at org.apache.tomcat.util.net.SocketProcessorBase.run(SocketProcessorBase.java:49)
		at org.apache.tomcat.util.threads.ThreadPoolExecutor.runWorker(ThreadPoolExecutor.java:1191)
		at org.apache.tomcat.util.threads.ThreadPoolExecutor$Worker.run(ThreadPoolExecutor.java:659)
		at org.apache.tomcat.util.threads.TaskThread$WrappingRunnable.run(TaskThread.java:61)
		at java.base/java.lang.Thread.run(Thread.java:833)
17-Dec-2022 00:07:57.085 INFO [http-nio-8080-exec-91] org.apache.catalina.core.StandardContext.reload Reloading Context with name [/num] has started
17-Dec-2022 00:07:57.396 INFO [http-nio-8080-exec-91] org.apache.jasper.servlet.TldScanner.scanJars At least one JAR was scanned for TLDs yet contained no TLDs. Enable debug logging for this logger for a complete list of JARs that were scanned but no TLDs were found in them. Skipping unneeded JARs during scanning can improve startup time and JSP compilation time.
17-Dec-2022 00:07:57.410 INFO [http-nio-8080-exec-91] org.apache.catalina.core.StandardContext.reload Reloading Context with name [/num] is completed
17-Dec-2022 00:08:10.504 INFO [http-nio-8080-exec-90] org.apache.catalina.core.StandardContext.reload Reloading Context with name [/num] has started
17-Dec-2022 00:08:10.811 INFO [http-nio-8080-exec-90] org.apache.jasper.servlet.TldScanner.scanJars At least one JAR was scanned for TLDs yet contained no TLDs. Enable debug logging for this logger for a complete list of JARs that were scanned but no TLDs were found in them. Skipping unneeded JARs during scanning can improve startup time and JSP compilation time.
17-Dec-2022 00:08:10.824 INFO [http-nio-8080-exec-90] org.apache.catalina.core.StandardContext.reload Reloading Context with name [/num] is completed
17-Dec-2022 00:08:14.405 INFO [http-nio-8080-exec-92] org.apache.catalina.core.StandardContext.reload Reloading Context with name [/num] has started
17-Dec-2022 00:08:14.725 INFO [http-nio-8080-exec-92] org.apache.jasper.servlet.TldScanner.scanJars At least one JAR was scanned for TLDs yet contained no TLDs. Enable debug logging for this logger for a complete list of JARs that were scanned but no TLDs were found in them. Skipping unneeded JARs during scanning can improve startup time and JSP compilation time.
17-Dec-2022 00:08:14.738 INFO [http-nio-8080-exec-92] org.apache.catalina.core.StandardContext.reload Reloading Context with name [/num] is completed
17-Dec-2022 00:08:22.668 INFO [http-nio-8080-exec-93] org.apache.catalina.core.StandardContext.reload Reloading Context with name [/num] has started
17-Dec-2022 00:08:22.978 INFO [http-nio-8080-exec-93] org.apache.jasper.servlet.TldScanner.scanJars At least one JAR was scanned for TLDs yet contained no TLDs. Enable debug logging for this logger for a complete list of JARs that were scanned but no TLDs were found in them. Skipping unneeded JARs during scanning can improve startup time and JSP compilation time.
17-Dec-2022 00:08:22.991 INFO [http-nio-8080-exec-93] org.apache.catalina.core.StandardContext.reload Reloading Context with name [/num] is completed
17-Dec-2022 00:08:40.719 INFO [http-nio-8080-exec-87] org.apache.catalina.core.StandardContext.reload Reloading Context with name [/num] has started
17-Dec-2022 00:08:41.067 INFO [http-nio-8080-exec-87] org.apache.jasper.servlet.TldScanner.scanJars At least one JAR was scanned for TLDs yet contained no TLDs. Enable debug logging for this logger for a complete list of JARs that were scanned but no TLDs were found in them. Skipping unneeded JARs during scanning can improve startup time and JSP compilation time.
17-Dec-2022 00:08:41.081 INFO [http-nio-8080-exec-87] org.apache.catalina.core.StandardContext.reload Reloading Context with name [/num] is completed
17-Dec-2022 00:08:41.394 INFO [http-nio-8080-exec-90] org.apache.catalina.core.StandardContext.reload Reloading Context with name [/num] has started
17-Dec-2022 00:08:41.717 INFO [http-nio-8080-exec-90] org.apache.jasper.servlet.TldScanner.scanJars At least one JAR was scanned for TLDs yet contained no TLDs. Enable debug logging for this logger for a complete list of JARs that were scanned but no TLDs were found in them. Skipping unneeded JARs during scanning can improve startup time and JSP compilation time.
17-Dec-2022 00:08:41.729 INFO [http-nio-8080-exec-90] org.apache.catalina.core.StandardContext.reload Reloading Context with name [/num] is completed
17-Dec-2022 00:08:55.017 INFO [http-nio-8080-exec-92] org.apache.catalina.core.StandardContext.reload Reloading Context with name [/num] has started
17-Dec-2022 00:08:55.331 INFO [http-nio-8080-exec-92] org.apache.jasper.servlet.TldScanner.scanJars At least one JAR was scanned for TLDs yet contained no TLDs. Enable debug logging for this logger for a complete list of JARs that were scanned but no TLDs were found in them. Skipping unneeded JARs during scanning can improve startup time and JSP compilation time.
17-Dec-2022 00:08:55.346 INFO [http-nio-8080-exec-92] org.apache.catalina.core.StandardContext.reload Reloading Context with name [/num] is completed
17-Dec-2022 00:09:05.297 INFO [http-nio-8080-exec-96] org.apache.catalina.core.StandardContext.reload Reloading Context with name [/num] has started
17-Dec-2022 00:09:05.611 INFO [http-nio-8080-exec-96] org.apache.jasper.servlet.TldScanner.scanJars At least one JAR was scanned for TLDs yet contained no TLDs. Enable debug logging for this logger for a complete list of JARs that were scanned but no TLDs were found in them. Skipping unneeded JARs during scanning can improve startup time and JSP compilation time.
17-Dec-2022 00:09:05.624 INFO [http-nio-8080-exec-96] org.apache.catalina.core.StandardContext.reload Reloading Context with name [/num] is completed
17-Dec-2022 00:09:58.048 INFO [http-nio-8080-exec-103] org.apache.catalina.core.StandardContext.reload Reloading Context with name [/num] has started
17-Dec-2022 00:09:58.376 INFO [http-nio-8080-exec-103] org.apache.jasper.servlet.TldScanner.scanJars At least one JAR was scanned for TLDs yet contained no TLDs. Enable debug logging for this logger for a complete list of JARs that were scanned but no TLDs were found in them. Skipping unneeded JARs during scanning can improve startup time and JSP compilation time.
17-Dec-2022 00:09:58.389 INFO [http-nio-8080-exec-103] org.apache.catalina.core.StandardContext.reload Reloading Context with name [/num] is completed
17-Dec-2022 00:10:27.242 INFO [http-nio-8080-exec-80] org.apache.catalina.core.StandardContext.reload Reloading Context with name [/num] has started
17-Dec-2022 00:10:27.570 INFO [http-nio-8080-exec-80] org.apache.jasper.servlet.TldScanner.scanJars At least one JAR was scanned for TLDs yet contained no TLDs. Enable debug logging for this logger for a complete list of JARs that were scanned but no TLDs were found in them. Skipping unneeded JARs during scanning can improve startup time and JSP compilation time.
17-Dec-2022 00:10:27.583 INFO [http-nio-8080-exec-80] org.apache.catalina.core.StandardContext.reload Reloading Context with name [/num] is completed
17-Dec-2022 00:12:08.614 INFO [http-nio-8080-exec-99] org.apache.catalina.core.StandardContext.reload Reloading Context with name [/num] has started
17-Dec-2022 00:12:08.923 INFO [http-nio-8080-exec-99] org.apache.jasper.servlet.TldScanner.scanJars At least one JAR was scanned for TLDs yet contained no TLDs. Enable debug logging for this logger for a complete list of JARs that were scanned but no TLDs were found in them. Skipping unneeded JARs during scanning can improve startup time and JSP compilation time.
17-Dec-2022 00:12:08.935 INFO [http-nio-8080-exec-99] org.apache.catalina.core.StandardContext.reload Reloading Context with name [/num] is completed
17-Dec-2022 00:12:19.137 INFO [http-nio-8080-exec-95] org.apache.catalina.core.StandardContext.reload Reloading Context with name [/num] has started
17-Dec-2022 00:12:19.444 INFO [http-nio-8080-exec-95] org.apache.jasper.servlet.TldScanner.scanJars At least one JAR was scanned for TLDs yet contained no TLDs. Enable debug logging for this logger for a complete list of JARs that were scanned but no TLDs were found in them. Skipping unneeded JARs during scanning can improve startup time and JSP compilation time.
17-Dec-2022 00:12:19.455 INFO [http-nio-8080-exec-95] org.apache.catalina.core.StandardContext.reload Reloading Context with name [/num] is completed
17-Dec-2022 00:13:23.864 INFO [http-nio-8080-exec-105] org.apache.catalina.core.StandardContext.reload Reloading Context with name [/num] has started
17-Dec-2022 00:13:24.177 INFO [http-nio-8080-exec-105] org.apache.jasper.servlet.TldScanner.scanJars At least one JAR was scanned for TLDs yet contained no TLDs. Enable debug logging for this logger for a complete list of JARs that were scanned but no TLDs were found in them. Skipping unneeded JARs during scanning can improve startup time and JSP compilation time.
17-Dec-2022 00:13:24.191 INFO [http-nio-8080-exec-105] org.apache.catalina.core.StandardContext.reload Reloading Context with name [/num] is completed
17-Dec-2022 00:13:30.855 INFO [http-nio-8080-exec-95] org.apache.catalina.core.StandardContext.reload Reloading Context with name [/num] has started
17-Dec-2022 00:13:31.167 INFO [http-nio-8080-exec-95] org.apache.jasper.servlet.TldScanner.scanJars At least one JAR was scanned for TLDs yet contained no TLDs. Enable debug logging for this logger for a complete list of JARs that were scanned but no TLDs were found in them. Skipping unneeded JARs during scanning can improve startup time and JSP compilation time.
17-Dec-2022 00:13:31.180 INFO [http-nio-8080-exec-95] org.apache.catalina.core.StandardContext.reload Reloading Context with name [/num] is completed
17-Dec-2022 00:16:59.820 INFO [http-nio-8080-exec-128] org.apache.catalina.core.StandardContext.reload Reloading Context with name [/num] has started
17-Dec-2022 00:17:00.131 INFO [http-nio-8080-exec-128] org.apache.jasper.servlet.TldScanner.scanJars At least one JAR was scanned for TLDs yet contained no TLDs. Enable debug logging for this logger for a complete list of JARs that were scanned but no TLDs were found in them. Skipping unneeded JARs during scanning can improve startup time and JSP compilation time.
17-Dec-2022 00:17:00.143 INFO [http-nio-8080-exec-128] org.apache.catalina.core.StandardContext.reload Reloading Context with name [/num] is completed
17-Dec-2022 00:17:15.525 INFO [http-nio-8080-exec-120] org.apache.catalina.core.StandardContext.reload Reloading Context with name [/num] has started
17-Dec-2022 00:17:15.837 INFO [http-nio-8080-exec-120] org.apache.jasper.servlet.TldScanner.scanJars At least one JAR was scanned for TLDs yet contained no TLDs. Enable debug logging for this logger for a complete list of JARs that were scanned but no TLDs were found in them. Skipping unneeded JARs during scanning can improve startup time and JSP compilation time.
17-Dec-2022 00:17:15.850 INFO [http-nio-8080-exec-120] org.apache.catalina.core.StandardContext.reload Reloading Context with name [/num] is completed
17-Dec-2022 00:17:30.764 INFO [http-nio-8080-exec-123] org.apache.catalina.core.StandardContext.reload Reloading Context with name [/num] has started
17-Dec-2022 00:17:31.074 INFO [http-nio-8080-exec-123] org.apache.jasper.servlet.TldScanner.scanJars At least one JAR was scanned for TLDs yet contained no TLDs. Enable debug logging for this logger for a complete list of JARs that were scanned but no TLDs were found in them. Skipping unneeded JARs during scanning can improve startup time and JSP compilation time.
17-Dec-2022 00:17:31.087 INFO [http-nio-8080-exec-123] org.apache.catalina.core.StandardContext.reload Reloading Context with name [/num] is completed
17-Dec-2022 00:18:10.813 INFO [http-nio-8080-exec-126] org.apache.catalina.core.StandardContext.reload Reloading Context with name [/num] has started
17-Dec-2022 00:18:11.139 INFO [http-nio-8080-exec-126] org.apache.jasper.servlet.TldScanner.scanJars At least one JAR was scanned for TLDs yet contained no TLDs. Enable debug logging for this logger for a complete list of JARs that were scanned but no TLDs were found in them. Skipping unneeded JARs during scanning can improve startup time and JSP compilation time.
17-Dec-2022 00:18:11.152 INFO [http-nio-8080-exec-126] org.apache.catalina.core.StandardContext.reload Reloading Context with name [/num] is completed
17-Dec-2022 00:18:47.435 INFO [http-nio-8080-exec-126] org.apache.catalina.core.StandardContext.reload Reloading Context with name [/num] has started
17-Dec-2022 00:18:47.761 INFO [http-nio-8080-exec-126] org.apache.jasper.servlet.TldScanner.scanJars At least one JAR was scanned for TLDs yet contained no TLDs. Enable debug logging for this logger for a complete list of JARs that were scanned but no TLDs were found in them. Skipping unneeded JARs during scanning can improve startup time and JSP compilation time.
17-Dec-2022 00:18:47.775 INFO [http-nio-8080-exec-126] org.apache.catalina.core.StandardContext.reload Reloading Context with name [/num] is completed
17-Dec-2022 00:18:53.149 INFO [http-nio-8080-exec-137] org.apache.catalina.core.StandardContext.reload Reloading Context with name [/num] has started
17-Dec-2022 00:18:53.454 INFO [http-nio-8080-exec-137] org.apache.jasper.servlet.TldScanner.scanJars At least one JAR was scanned for TLDs yet contained no TLDs. Enable debug logging for this logger for a complete list of JARs that were scanned but no TLDs were found in them. Skipping unneeded JARs during scanning can improve startup time and JSP compilation time.
17-Dec-2022 00:18:53.468 INFO [http-nio-8080-exec-137] org.apache.catalina.core.StandardContext.reload Reloading Context with name [/num] is completed
17-Dec-2022 00:18:59.273 INFO [http-nio-8080-exec-126] org.apache.catalina.core.StandardContext.reload Reloading Context with name [/num] has started
17-Dec-2022 00:18:59.583 INFO [http-nio-8080-exec-126] org.apache.jasper.servlet.TldScanner.scanJars At least one JAR was scanned for TLDs yet contained no TLDs. Enable debug logging for this logger for a complete list of JARs that were scanned but no TLDs were found in them. Skipping unneeded JARs during scanning can improve startup time and JSP compilation time.
17-Dec-2022 00:18:59.596 INFO [http-nio-8080-exec-126] org.apache.catalina.core.StandardContext.reload Reloading Context with name [/num] is completed
17-Dec-2022 00:20:27.358 INFO [http-nio-8080-exec-148] org.apache.catalina.core.StandardContext.reload Reloading Context with name [/num] has started
17-Dec-2022 00:20:27.672 INFO [http-nio-8080-exec-148] org.apache.jasper.servlet.TldScanner.scanJars At least one JAR was scanned for TLDs yet contained no TLDs. Enable debug logging for this logger for a complete list of JARs that were scanned but no TLDs were found in them. Skipping unneeded JARs during scanning can improve startup time and JSP compilation time.
17-Dec-2022 00:20:27.686 INFO [http-nio-8080-exec-148] org.apache.catalina.core.StandardContext.reload Reloading Context with name [/num] is completed
17-Dec-2022 00:20:41.605 INFO [http-nio-8080-exec-123] org.apache.catalina.core.StandardContext.reload Reloading Context with name [/num] has started
17-Dec-2022 00:20:41.931 INFO [http-nio-8080-exec-123] org.apache.jasper.servlet.TldScanner.scanJars At least one JAR was scanned for TLDs yet contained no TLDs. Enable debug logging for this logger for a complete list of JARs that were scanned but no TLDs were found in them. Skipping unneeded JARs during scanning can improve startup time and JSP compilation time.
17-Dec-2022 00:20:41.945 INFO [http-nio-8080-exec-123] org.apache.catalina.core.StandardContext.reload Reloading Context with name [/num] is completed
17-Dec-2022 00:21:15.120 INFO [http-nio-8080-exec-149] org.apache.catalina.core.StandardContext.reload Reloading Context with name [/num] has started
17-Dec-2022 00:21:15.428 INFO [http-nio-8080-exec-149] org.apache.jasper.servlet.TldScanner.scanJars At least one JAR was scanned for TLDs yet contained no TLDs. Enable debug logging for this logger for a complete list of JARs that were scanned but no TLDs were found in them. Skipping unneeded JARs during scanning can improve startup time and JSP compilation time.
17-Dec-2022 00:21:15.441 INFO [http-nio-8080-exec-149] org.apache.catalina.core.StandardContext.reload Reloading Context with name [/num] is completed
17-Dec-2022 00:23:22.208 INFO [http-nio-8080-exec-123] org.apache.catalina.core.StandardContext.reload Reloading Context with name [/num] has started
17-Dec-2022 00:23:22.529 INFO [http-nio-8080-exec-123] org.apache.jasper.servlet.TldScanner.scanJars At least one JAR was scanned for TLDs yet contained no TLDs. Enable debug logging for this logger for a complete list of JARs that were scanned but no TLDs were found in them. Skipping unneeded JARs during scanning can improve startup time and JSP compilation time.
17-Dec-2022 00:23:22.542 INFO [http-nio-8080-exec-123] org.apache.catalina.core.StandardContext.reload Reloading Context with name [/num] is completed
17-Dec-2022 00:24:40.371 INFO [http-nio-8080-exec-152] org.apache.catalina.core.StandardContext.reload Reloading Context with name [/num] has started
17-Dec-2022 00:24:40.687 INFO [http-nio-8080-exec-152] org.apache.jasper.servlet.TldScanner.scanJars At least one JAR was scanned for TLDs yet contained no TLDs. Enable debug logging for this logger for a complete list of JARs that were scanned but no TLDs were found in them. Skipping unneeded JARs during scanning can improve startup time and JSP compilation time.
17-Dec-2022 00:24:40.699 INFO [http-nio-8080-exec-152] org.apache.catalina.core.StandardContext.reload Reloading Context with name [/num] is completed
17-Dec-2022 00:40:52.507 INFO [http-nio-8080-exec-160] org.apache.catalina.core.StandardContext.reload Reloading Context with name [/num] has started
17-Dec-2022 00:40:52.509 WARNING [http-nio-8080-exec-160] org.apache.catalina.loader.WebappClassLoaderBase.clearReferencesJdbc The web application [num] registered the JDBC driver [com.mysql.cj.jdbc.Driver] but failed to unregister it when the web application was stopped. To prevent a memory leak, the JDBC Driver has been forcibly unregistered.
17-Dec-2022 00:40:52.509 WARNING [http-nio-8080-exec-160] org.apache.catalina.loader.WebappClassLoaderBase.clearReferencesThreads The web application [num] appears to have started a thread named [Abandoned connection cleanup thread] but has failed to stop it. This is very likely to create a memory leak. Stack trace of thread:
 java.base@18.0.1/java.lang.Object.wait(Native Method)
 java.base@18.0.1/java.lang.ref.ReferenceQueue.remove(ReferenceQueue.java:155)
 com.mysql.cj.jdbc.AbandonedConnectionCleanupThread.run(AbandonedConnectionCleanupThread.java:70)
 java.base@18.0.1/java.util.concurrent.ThreadPoolExecutor.runWorker(ThreadPoolExecutor.java:1136)
 java.base@18.0.1/java.util.concurrent.ThreadPoolExecutor$Worker.run(ThreadPoolExecutor.java:635)
 java.base@18.0.1/java.lang.Thread.run(Thread.java:833)
17-Dec-2022 00:40:52.815 INFO [http-nio-8080-exec-160] org.apache.jasper.servlet.TldScanner.scanJars At least one JAR was scanned for TLDs yet contained no TLDs. Enable debug logging for this logger for a complete list of JARs that were scanned but no TLDs were found in them. Skipping unneeded JARs during scanning can improve startup time and JSP compilation time.
17-Dec-2022 00:40:52.829 INFO [http-nio-8080-exec-160] org.apache.catalina.core.StandardContext.reload Reloading Context with name [/num] is completed
17-Dec-2022 00:40:56.923 INFO [Abandoned connection cleanup thread] org.apache.catalina.loader.WebappClassLoaderBase.checkStateForResourceLoading Illegal access: this web application instance has been stopped already. Could not load []. The following stack trace is thrown for debugging purposes as well as to attempt to terminate the thread which caused the illegal access.
	java.lang.IllegalStateException: Illegal access: this web application instance has been stopped already. Could not load []. The following stack trace is thrown for debugging purposes as well as to attempt to terminate the thread which caused the illegal access.
		at org.apache.catalina.loader.WebappClassLoaderBase.checkStateForResourceLoading(WebappClassLoaderBase.java:1440)
		at org.apache.catalina.loader.WebappClassLoaderBase.getResource(WebappClassLoaderBase.java:1065)
		at com.mysql.cj.jdbc.AbandonedConnectionCleanupThread.checkContextClassLoaders(AbandonedConnectionCleanupThread.java:96)
		at com.mysql.cj.jdbc.AbandonedConnectionCleanupThread.run(AbandonedConnectionCleanupThread.java:69)
		at java.base/java.util.concurrent.ThreadPoolExecutor.runWorker(ThreadPoolExecutor.java:1136)
		at java.base/java.util.concurrent.ThreadPoolExecutor$Worker.run(ThreadPoolExecutor.java:635)
		at java.base/java.lang.Thread.run(Thread.java:833)
17-Dec-2022 01:05:30.089 INFO [main] org.apache.catalina.core.StandardServer.await A valid shutdown command was received via the shutdown port. Stopping the Server instance.
17-Dec-2022 01:05:30.089 INFO [main] org.apache.coyote.AbstractProtocol.pause Pausing ProtocolHandler ["http-nio-8080"]
17-Dec-2022 01:05:30.101 INFO [main] org.apache.catalina.core.StandardService.stopInternal Stopping service [Catalina]
17-Dec-2022 01:05:30.111 INFO [main] org.apache.coyote.AbstractProtocol.stop Stopping ProtocolHandler ["http-nio-8080"]
17-Dec-2022 01:05:30.126 INFO [main] org.apache.coyote.AbstractProtocol.destroy Destroying ProtocolHandler ["http-nio-8080"]
17-Dec-2022 20:08:16.855 INFO [main] org.apache.catalina.startup.VersionLoggerListener.log Server version name:   Apache Tomcat/8.5.79
17-Dec-2022 20:08:16.858 INFO [main] org.apache.catalina.startup.VersionLoggerListener.log Server built:          May 16 2022 15:36:23 UTC
17-Dec-2022 20:08:16.858 INFO [main] org.apache.catalina.startup.VersionLoggerListener.log Server version number: 8.5.79.0
17-Dec-2022 20:08:16.858 INFO [main] org.apache.catalina.startup.VersionLoggerListener.log OS Name:               Windows 11
17-Dec-2022 20:08:16.858 INFO [main] org.apache.catalina.startup.VersionLoggerListener.log OS Version:            10.0
17-Dec-2022 20:08:16.858 INFO [main] org.apache.catalina.startup.VersionLoggerListener.log Architecture:          amd64
17-Dec-2022 20:08:16.858 INFO [main] org.apache.catalina.startup.VersionLoggerListener.log Java Home:             C:\Program Files\Java\zulu18.30.11-ca-fx-jdk18.0.1-win_x64
17-Dec-2022 20:08:16.858 INFO [main] org.apache.catalina.startup.VersionLoggerListener.log JVM Version:           18.0.1+10
17-Dec-2022 20:08:16.859 INFO [main] org.apache.catalina.startup.VersionLoggerListener.log JVM Vendor:            Azul Systems, Inc.
17-Dec-2022 20:08:16.859 INFO [main] org.apache.catalina.startup.VersionLoggerListener.log CATALINA_BASE:         C:\Users\ROG\Desktop\Fruit\tomcat
17-Dec-2022 20:08:16.859 INFO [main] org.apache.catalina.startup.VersionLoggerListener.log CATALINA_HOME:         C:\Users\ROG\Desktop\Fruit\tomcat
17-Dec-2022 20:08:16.859 INFO [main] org.apache.catalina.startup.VersionLoggerListener.log Command line argument: --add-opens=java.base/java.lang=ALL-UNNAMED
17-Dec-2022 20:08:16.859 INFO [main] org.apache.catalina.startup.VersionLoggerListener.log Command line argument: --add-opens=java.base/java.io=ALL-UNNAMED
17-Dec-2022 20:08:16.859 INFO [main] org.apache.catalina.startup.VersionLoggerListener.log Command line argument: --add-opens=java.base/java.util=ALL-UNNAMED
17-Dec-2022 20:08:16.859 INFO [main] org.apache.catalina.startup.VersionLoggerListener.log Command line argument: --add-opens=java.base/java.util.concurrent=ALL-UNNAMED
17-Dec-2022 20:08:16.859 INFO [main] org.apache.catalina.startup.VersionLoggerListener.log Command line argument: --add-opens=java.rmi/sun.rmi.transport=ALL-UNNAMED
17-Dec-2022 20:08:16.860 INFO [main] org.apache.catalina.startup.VersionLoggerListener.log Command line argument: -Djava.util.logging.config.file=C:\Users\ROG\Desktop\Fruit\tomcat\conf\logging.properties
17-Dec-2022 20:08:16.860 INFO [main] org.apache.catalina.startup.VersionLoggerListener.log Command line argument: -Djava.util.logging.manager=org.apache.juli.ClassLoaderLogManager
17-Dec-2022 20:08:16.860 INFO [main] org.apache.catalina.startup.VersionLoggerListener.log Command line argument: -Djdk.tls.ephemeralDHKeySize=2048
17-Dec-2022 20:08:16.860 INFO [main] org.apache.catalina.startup.VersionLoggerListener.log Command line argument: -Djava.protocol.handler.pkgs=org.apache.catalina.webresources
17-Dec-2022 20:08:16.860 INFO [main] org.apache.catalina.startup.VersionLoggerListener.log Command line argument: -Dignore.endorsed.dirs=
17-Dec-2022 20:08:16.860 INFO [main] org.apache.catalina.startup.VersionLoggerListener.log Command line argument: -Dcatalina.base=C:\Users\ROG\Desktop\Fruit\tomcat
17-Dec-2022 20:08:16.860 INFO [main] org.apache.catalina.startup.VersionLoggerListener.log Command line argument: -Dcatalina.home=C:\Users\ROG\Desktop\Fruit\tomcat
17-Dec-2022 20:08:16.860 INFO [main] org.apache.catalina.startup.VersionLoggerListener.log Command line argument: -Djava.io.tmpdir=C:\Users\ROG\Desktop\Fruit\tomcat\temp
17-Dec-2022 20:08:16.860 INFO [main] org.apache.catalina.core.AprLifecycleListener.lifecycleEvent Loaded Apache Tomcat Native library [1.2.33] using APR version [1.7.0].
17-Dec-2022 20:08:16.860 INFO [main] org.apache.catalina.core.AprLifecycleListener.lifecycleEvent APR capabilities: IPv6 [true], sendfile [true], accept filters [false], random [true], UDS [{4}].
17-Dec-2022 20:08:16.860 INFO [main] org.apache.catalina.core.AprLifecycleListener.lifecycleEvent APR/OpenSSL configuration: useAprConnector [false], useOpenSSL [true]
17-Dec-2022 20:08:16.894 INFO [main] org.apache.catalina.core.AprLifecycleListener.initializeSSL OpenSSL successfully initialized [OpenSSL 1.1.1o  3 May 2022]
17-Dec-2022 20:08:16.924 INFO [main] org.apache.coyote.AbstractProtocol.init Initializing ProtocolHandler ["http-nio-8080"]
17-Dec-2022 20:08:16.940 INFO [main] org.apache.catalina.startup.Catalina.load Initialization processed in 379 ms
17-Dec-2022 20:08:16.967 INFO [main] org.apache.catalina.core.StandardService.startInternal Starting service [Catalina]
17-Dec-2022 20:08:16.967 INFO [main] org.apache.catalina.core.StandardEngine.startInternal Starting Servlet engine: [Apache Tomcat/8.5.79]
17-Dec-2022 20:08:16.976 INFO [localhost-startStop-1] org.apache.catalina.startup.HostConfig.deployDescriptor Deploying deployment descriptor [C:\Users\ROG\Desktop\Fruit\tomcat\conf\Catalina\localhost\First.xml]
17-Dec-2022 20:08:17.258 INFO [localhost-startStop-1] org.apache.catalina.startup.HostConfig.deployDescriptor Deployment of deployment descriptor [C:\Users\ROG\Desktop\Fruit\tomcat\conf\Catalina\localhost\First.xml] has finished in [282] ms
17-Dec-2022 20:08:17.259 INFO [localhost-startStop-1] org.apache.catalina.startup.HostConfig.deployDescriptor Deploying deployment descriptor [C:\Users\ROG\Desktop\Fruit\tomcat\conf\Catalina\localhost\homework1.xml]
17-Dec-2022 20:08:17.262 SEVERE [localhost-startStop-1] org.apache.catalina.core.ContainerBase.addChildInternal ContainerBase.addChild: start: 
	org.apache.catalina.LifecycleException: Failed to start component [org.apache.catalina.webresources.StandardRoot@c94737c]
		at org.apache.catalina.util.LifecycleBase.handleSubClassException(LifecycleBase.java:440)
		at org.apache.catalina.util.LifecycleBase.start(LifecycleBase.java:198)
		at org.apache.catalina.core.StandardContext.resourcesStart(StandardContext.java:4880)
		at org.apache.catalina.core.StandardContext.startInternal(StandardContext.java:5018)
		at org.apache.catalina.util.LifecycleBase.start(LifecycleBase.java:183)
		at org.apache.catalina.core.ContainerBase.addChildInternal(ContainerBase.java:753)
		at org.apache.catalina.core.ContainerBase.addChild(ContainerBase.java:727)
		at org.apache.catalina.core.StandardHost.addChild(StandardHost.java:695)
		at org.apache.catalina.startup.HostConfig.deployDescriptor(HostConfig.java:673)
		at org.apache.catalina.startup.HostConfig$DeployDescriptor.run(HostConfig.java:1881)
		at java.base/java.util.concurrent.Executors$RunnableAdapter.call(Executors.java:539)
		at java.base/java.util.concurrent.FutureTask.run(FutureTask.java:264)
		at java.base/java.util.concurrent.ThreadPoolExecutor.runWorker(ThreadPoolExecutor.java:1136)
		at java.base/java.util.concurrent.ThreadPoolExecutor$Worker.run(ThreadPoolExecutor.java:635)
		at java.base/java.lang.Thread.run(Thread.java:833)
	Caused by: java.lang.IllegalArgumentException: The main resource set specified [C:\Users\ROG\Desktop\homework1\homework1\build\web] is not valid
		at org.apache.catalina.webresources.StandardRoot.createMainResourceSet(StandardRoot.java:748)
		at org.apache.catalina.webresources.StandardRoot.startInternal(StandardRoot.java:705)
		at org.apache.catalina.util.LifecycleBase.start(LifecycleBase.java:183)
		... 13 more
17-Dec-2022 20:08:17.262 SEVERE [localhost-startStop-1] org.apache.catalina.startup.HostConfig.deployDescriptor Error deploying deployment descriptor [C:\Users\ROG\Desktop\Fruit\tomcat\conf\Catalina\localhost\homework1.xml]
	java.lang.IllegalStateException: Error starting child
		at org.apache.catalina.core.ContainerBase.addChildInternal(ContainerBase.java:757)
		at org.apache.catalina.core.ContainerBase.addChild(ContainerBase.java:727)
		at org.apache.catalina.core.StandardHost.addChild(StandardHost.java:695)
		at org.apache.catalina.startup.HostConfig.deployDescriptor(HostConfig.java:673)
		at org.apache.catalina.startup.HostConfig$DeployDescriptor.run(HostConfig.java:1881)
		at java.base/java.util.concurrent.Executors$RunnableAdapter.call(Executors.java:539)
		at java.base/java.util.concurrent.FutureTask.run(FutureTask.java:264)
		at java.base/java.util.concurrent.ThreadPoolExecutor.runWorker(ThreadPoolExecutor.java:1136)
		at java.base/java.util.concurrent.ThreadPoolExecutor$Worker.run(ThreadPoolExecutor.java:635)
		at java.base/java.lang.Thread.run(Thread.java:833)
	Caused by: org.apache.catalina.LifecycleException: Failed to start component [org.apache.catalina.webresources.StandardRoot@c94737c]
		at org.apache.catalina.util.LifecycleBase.handleSubClassException(LifecycleBase.java:440)
		at org.apache.catalina.util.LifecycleBase.start(LifecycleBase.java:198)
		at org.apache.catalina.core.StandardContext.resourcesStart(StandardContext.java:4880)
		at org.apache.catalina.core.StandardContext.startInternal(StandardContext.java:5018)
		at org.apache.catalina.util.LifecycleBase.start(LifecycleBase.java:183)
		at org.apache.catalina.core.ContainerBase.addChildInternal(ContainerBase.java:753)
		... 9 more
	Caused by: java.lang.IllegalArgumentException: The main resource set specified [C:\Users\ROG\Desktop\homework1\homework1\build\web] is not valid
		at org.apache.catalina.webresources.StandardRoot.createMainResourceSet(StandardRoot.java:748)
		at org.apache.catalina.webresources.StandardRoot.startInternal(StandardRoot.java:705)
		at org.apache.catalina.util.LifecycleBase.start(LifecycleBase.java:183)
		... 13 more
17-Dec-2022 20:08:17.298 INFO [localhost-startStop-1] org.apache.catalina.startup.HostConfig.deployDescriptor Deployment of deployment descriptor [C:\Users\ROG\Desktop\Fruit\tomcat\conf\Catalina\localhost\homework1.xml] has finished in [39] ms
17-Dec-2022 20:08:17.299 INFO [localhost-startStop-1] org.apache.catalina.startup.HostConfig.deployDescriptor Deploying deployment descriptor [C:\Users\ROG\Desktop\Fruit\tomcat\conf\Catalina\localhost\HomeWork2.xml]
17-Dec-2022 20:08:17.303 SEVERE [localhost-startStop-1] org.apache.catalina.core.ContainerBase.addChildInternal ContainerBase.addChild: start: 
	org.apache.catalina.LifecycleException: Failed to start component [org.apache.catalina.webresources.StandardRoot@a0334a4]
		at org.apache.catalina.util.LifecycleBase.handleSubClassException(LifecycleBase.java:440)
		at org.apache.catalina.util.LifecycleBase.start(LifecycleBase.java:198)
		at org.apache.catalina.core.StandardContext.resourcesStart(StandardContext.java:4880)
		at org.apache.catalina.core.StandardContext.startInternal(StandardContext.java:5018)
		at org.apache.catalina.util.LifecycleBase.start(LifecycleBase.java:183)
		at org.apache.catalina.core.ContainerBase.addChildInternal(ContainerBase.java:753)
		at org.apache.catalina.core.ContainerBase.addChild(ContainerBase.java:727)
		at org.apache.catalina.core.StandardHost.addChild(StandardHost.java:695)
		at org.apache.catalina.startup.HostConfig.deployDescriptor(HostConfig.java:673)
		at org.apache.catalina.startup.HostConfig$DeployDescriptor.run(HostConfig.java:1881)
		at java.base/java.util.concurrent.Executors$RunnableAdapter.call(Executors.java:539)
		at java.base/java.util.concurrent.FutureTask.run(FutureTask.java:264)
		at java.base/java.util.concurrent.ThreadPoolExecutor.runWorker(ThreadPoolExecutor.java:1136)
		at java.base/java.util.concurrent.ThreadPoolExecutor$Worker.run(ThreadPoolExecutor.java:635)
		at java.base/java.lang.Thread.run(Thread.java:833)
	Caused by: java.lang.IllegalArgumentException: The main resource set specified [C:\Users\ROG\Desktop\BOOK STORE (2)\build\web] is not valid
		at org.apache.catalina.webresources.StandardRoot.createMainResourceSet(StandardRoot.java:748)
		at org.apache.catalina.webresources.StandardRoot.startInternal(StandardRoot.java:705)
		at org.apache.catalina.util.LifecycleBase.start(LifecycleBase.java:183)
		... 13 more
17-Dec-2022 20:08:17.304 SEVERE [localhost-startStop-1] org.apache.catalina.startup.HostConfig.deployDescriptor Error deploying deployment descriptor [C:\Users\ROG\Desktop\Fruit\tomcat\conf\Catalina\localhost\HomeWork2.xml]
	java.lang.IllegalStateException: Error starting child
		at org.apache.catalina.core.ContainerBase.addChildInternal(ContainerBase.java:757)
		at org.apache.catalina.core.ContainerBase.addChild(ContainerBase.java:727)
		at org.apache.catalina.core.StandardHost.addChild(StandardHost.java:695)
		at org.apache.catalina.startup.HostConfig.deployDescriptor(HostConfig.java:673)
		at org.apache.catalina.startup.HostConfig$DeployDescriptor.run(HostConfig.java:1881)
		at java.base/java.util.concurrent.Executors$RunnableAdapter.call(Executors.java:539)
		at java.base/java.util.concurrent.FutureTask.run(FutureTask.java:264)
		at java.base/java.util.concurrent.ThreadPoolExecutor.runWorker(ThreadPoolExecutor.java:1136)
		at java.base/java.util.concurrent.ThreadPoolExecutor$Worker.run(ThreadPoolExecutor.java:635)
		at java.base/java.lang.Thread.run(Thread.java:833)
	Caused by: org.apache.catalina.LifecycleException: Failed to start component [org.apache.catalina.webresources.StandardRoot@a0334a4]
		at org.apache.catalina.util.LifecycleBase.handleSubClassException(LifecycleBase.java:440)
		at org.apache.catalina.util.LifecycleBase.start(LifecycleBase.java:198)
		at org.apache.catalina.core.StandardContext.resourcesStart(StandardContext.java:4880)
		at org.apache.catalina.core.StandardContext.startInternal(StandardContext.java:5018)
		at org.apache.catalina.util.LifecycleBase.start(LifecycleBase.java:183)
		at org.apache.catalina.core.ContainerBase.addChildInternal(ContainerBase.java:753)
		... 9 more
	Caused by: java.lang.IllegalArgumentException: The main resource set specified [C:\Users\ROG\Desktop\BOOK STORE (2)\build\web] is not valid
		at org.apache.catalina.webresources.StandardRoot.createMainResourceSet(StandardRoot.java:748)
		at org.apache.catalina.webresources.StandardRoot.startInternal(StandardRoot.java:705)
		at org.apache.catalina.util.LifecycleBase.start(LifecycleBase.java:183)
		... 13 more
17-Dec-2022 20:08:17.372 INFO [localhost-startStop-1] org.apache.catalina.startup.HostConfig.deployDescriptor Deployment of deployment descriptor [C:\Users\ROG\Desktop\Fruit\tomcat\conf\Catalina\localhost\HomeWork2.xml] has finished in [73] ms
17-Dec-2022 20:08:17.372 INFO [localhost-startStop-1] org.apache.catalina.startup.HostConfig.deployDescriptor Deploying deployment descriptor [C:\Users\ROG\Desktop\Fruit\tomcat\conf\Catalina\localhost\num.xml]
17-Dec-2022 20:08:17.802 INFO [localhost-startStop-1] org.apache.jasper.servlet.TldScanner.scanJars At least one JAR was scanned for TLDs yet contained no TLDs. Enable debug logging for this logger for a complete list of JARs that were scanned but no TLDs were found in them. Skipping unneeded JARs during scanning can improve startup time and JSP compilation time.
17-Dec-2022 20:08:17.835 INFO [localhost-startStop-1] org.apache.catalina.startup.HostConfig.deployDescriptor Deployment of deployment descriptor [C:\Users\ROG\Desktop\Fruit\tomcat\conf\Catalina\localhost\num.xml] has finished in [462] ms
17-Dec-2022 20:08:17.835 INFO [localhost-startStop-1] org.apache.catalina.startup.HostConfig.deployDescriptor Deploying deployment descriptor [C:\Users\ROG\Desktop\Fruit\tomcat\conf\Catalina\localhost\shop.xml]
17-Dec-2022 20:08:17.878 INFO [localhost-startStop-1] org.apache.catalina.startup.HostConfig.deployDescriptor Deployment of deployment descriptor [C:\Users\ROG\Desktop\Fruit\tomcat\conf\Catalina\localhost\shop.xml] has finished in [43] ms
17-Dec-2022 20:08:17.878 INFO [localhost-startStop-1] org.apache.catalina.startup.HostConfig.deployDescriptor Deploying deployment descriptor [C:\Users\ROG\Desktop\Fruit\tomcat\conf\Catalina\localhost\UserMgSystem.xml]
17-Dec-2022 20:08:18.483 INFO [localhost-startStop-1] org.apache.jasper.servlet.TldScanner.scanJars At least one JAR was scanned for TLDs yet contained no TLDs. Enable debug logging for this logger for a complete list of JARs that were scanned but no TLDs were found in them. Skipping unneeded JARs during scanning can improve startup time and JSP compilation time.
17-Dec-2022 20:08:18.505 INFO [localhost-startStop-1] org.apache.catalina.startup.HostConfig.deployDescriptor Deployment of deployment descriptor [C:\Users\ROG\Desktop\Fruit\tomcat\conf\Catalina\localhost\UserMgSystem.xml] has finished in [627] ms
17-Dec-2022 20:08:18.506 INFO [localhost-startStop-1] org.apache.catalina.startup.HostConfig.deployDirectory Deploying web application directory [C:\Users\ROG\Desktop\Fruit\tomcat\webapps\docs]
17-Dec-2022 20:08:18.523 INFO [localhost-startStop-1] org.apache.catalina.startup.HostConfig.deployDirectory Deployment of web application directory [C:\Users\ROG\Desktop\Fruit\tomcat\webapps\docs] has finished in [17] ms
17-Dec-2022 20:08:18.523 INFO [localhost-startStop-1] org.apache.catalina.startup.HostConfig.deployDirectory Deploying web application directory [C:\Users\ROG\Desktop\Fruit\tomcat\webapps\examples]
17-Dec-2022 20:08:18.760 INFO [localhost-startStop-1] org.apache.catalina.startup.HostConfig.deployDirectory Deployment of web application directory [C:\Users\ROG\Desktop\Fruit\tomcat\webapps\examples] has finished in [237] ms
17-Dec-2022 20:08:18.760 INFO [localhost-startStop-1] org.apache.catalina.startup.HostConfig.deployDirectory Deploying web application directory [C:\Users\ROG\Desktop\Fruit\tomcat\webapps\host-manager]
17-Dec-2022 20:08:18.789 INFO [localhost-startStop-1] org.apache.catalina.startup.HostConfig.deployDirectory Deployment of web application directory [C:\Users\ROG\Desktop\Fruit\tomcat\webapps\host-manager] has finished in [29] ms
17-Dec-2022 20:08:18.790 INFO [localhost-startStop-1] org.apache.catalina.startup.HostConfig.deployDirectory Deploying web application directory [C:\Users\ROG\Desktop\Fruit\tomcat\webapps\manager]
17-Dec-2022 20:08:18.819 INFO [localhost-startStop-1] org.apache.catalina.startup.HostConfig.deployDirectory Deployment of web application directory [C:\Users\ROG\Desktop\Fruit\tomcat\webapps\manager] has finished in [29] ms
17-Dec-2022 20:08:18.819 INFO [localhost-startStop-1] org.apache.catalina.startup.HostConfig.deployDirectory Deploying web application directory [C:\Users\ROG\Desktop\Fruit\tomcat\webapps\NUM_JSP]
17-Dec-2022 20:08:18.832 INFO [localhost-startStop-1] org.apache.catalina.startup.HostConfig.deployDirectory Deployment of web application directory [C:\Users\ROG\Desktop\Fruit\tomcat\webapps\NUM_JSP] has finished in [13] ms
17-Dec-2022 20:08:18.832 INFO [localhost-startStop-1] org.apache.catalina.startup.HostConfig.deployDirectory Deploying web application directory [C:\Users\ROG\Desktop\Fruit\tomcat\webapps\ROOT]
17-Dec-2022 20:08:18.848 INFO [localhost-startStop-1] org.apache.catalina.startup.HostConfig.deployDirectory Deployment of web application directory [C:\Users\ROG\Desktop\Fruit\tomcat\webapps\ROOT] has finished in [16] ms
17-Dec-2022 20:08:18.849 INFO [main] org.apache.coyote.AbstractProtocol.start Starting ProtocolHandler ["http-nio-8080"]
17-Dec-2022 20:08:18.892 INFO [main] org.apache.catalina.startup.Catalina.start Server startup in 1950 ms
17-Dec-2022 20:08:20.600 INFO [http-nio-8080-exec-2] org.apache.jasper.servlet.TldScanner.scanJars At least one JAR was scanned for TLDs yet contained no TLDs. Enable debug logging for this logger for a complete list of JARs that were scanned but no TLDs were found in them. Skipping unneeded JARs during scanning can improve startup time and JSP compilation time.
17-Dec-2022 21:16:33.166 INFO [http-nio-8080-exec-19] org.apache.catalina.core.StandardContext.reload Reloading Context with name [/num] has started
17-Dec-2022 21:16:33.170 WARNING [http-nio-8080-exec-19] org.apache.catalina.loader.WebappClassLoaderBase.clearReferencesJdbc The web application [num] registered the JDBC driver [com.mysql.cj.jdbc.Driver] but failed to unregister it when the web application was stopped. To prevent a memory leak, the JDBC Driver has been forcibly unregistered.
17-Dec-2022 21:16:33.170 WARNING [http-nio-8080-exec-19] org.apache.catalina.loader.WebappClassLoaderBase.clearReferencesThreads The web application [num] appears to have started a thread named [Abandoned connection cleanup thread] but has failed to stop it. This is very likely to create a memory leak. Stack trace of thread:
 java.base@18.0.1/java.lang.Object.wait(Native Method)
 java.base@18.0.1/java.lang.ref.ReferenceQueue.remove(ReferenceQueue.java:155)
 com.mysql.cj.jdbc.AbandonedConnectionCleanupThread.run(AbandonedConnectionCleanupThread.java:70)
 java.base@18.0.1/java.util.concurrent.ThreadPoolExecutor.runWorker(ThreadPoolExecutor.java:1136)
 java.base@18.0.1/java.util.concurrent.ThreadPoolExecutor$Worker.run(ThreadPoolExecutor.java:635)
 java.base@18.0.1/java.lang.Thread.run(Thread.java:833)
17-Dec-2022 21:16:33.316 INFO [Abandoned connection cleanup thread] org.apache.catalina.loader.WebappClassLoaderBase.checkStateForResourceLoading Illegal access: this web application instance has been stopped already. Could not load []. The following stack trace is thrown for debugging purposes as well as to attempt to terminate the thread which caused the illegal access.
	java.lang.IllegalStateException: Illegal access: this web application instance has been stopped already. Could not load []. The following stack trace is thrown for debugging purposes as well as to attempt to terminate the thread which caused the illegal access.
		at org.apache.catalina.loader.WebappClassLoaderBase.checkStateForResourceLoading(WebappClassLoaderBase.java:1440)
		at org.apache.catalina.loader.WebappClassLoaderBase.getResource(WebappClassLoaderBase.java:1065)
		at com.mysql.cj.jdbc.AbandonedConnectionCleanupThread.checkContextClassLoaders(AbandonedConnectionCleanupThread.java:96)
		at com.mysql.cj.jdbc.AbandonedConnectionCleanupThread.run(AbandonedConnectionCleanupThread.java:69)
		at java.base/java.util.concurrent.ThreadPoolExecutor.runWorker(ThreadPoolExecutor.java:1136)
		at java.base/java.util.concurrent.ThreadPoolExecutor$Worker.run(ThreadPoolExecutor.java:635)
		at java.base/java.lang.Thread.run(Thread.java:833)
17-Dec-2022 21:16:33.554 INFO [http-nio-8080-exec-19] org.apache.jasper.servlet.TldScanner.scanJars At least one JAR was scanned for TLDs yet contained no TLDs. Enable debug logging for this logger for a complete list of JARs that were scanned but no TLDs were found in them. Skipping unneeded JARs during scanning can improve startup time and JSP compilation time.
17-Dec-2022 21:16:33.583 INFO [http-nio-8080-exec-19] org.apache.catalina.core.StandardContext.reload Reloading Context with name [/num] is completed
17-Dec-2022 21:22:38.610 INFO [http-nio-8080-exec-24] org.apache.catalina.core.StandardContext.reload Reloading Context with name [/num] has started
17-Dec-2022 21:22:38.930 INFO [http-nio-8080-exec-24] org.apache.jasper.servlet.TldScanner.scanJars At least one JAR was scanned for TLDs yet contained no TLDs. Enable debug logging for this logger for a complete list of JARs that were scanned but no TLDs were found in them. Skipping unneeded JARs during scanning can improve startup time and JSP compilation time.
17-Dec-2022 21:22:38.943 INFO [http-nio-8080-exec-24] org.apache.catalina.core.StandardContext.reload Reloading Context with name [/num] is completed
17-Dec-2022 21:22:42.553 INFO [http-nio-8080-exec-27] org.apache.catalina.core.StandardContext.reload Reloading Context with name [/num] has started
17-Dec-2022 21:22:42.873 INFO [http-nio-8080-exec-27] org.apache.jasper.servlet.TldScanner.scanJars At least one JAR was scanned for TLDs yet contained no TLDs. Enable debug logging for this logger for a complete list of JARs that were scanned but no TLDs were found in them. Skipping unneeded JARs during scanning can improve startup time and JSP compilation time.
17-Dec-2022 21:22:42.886 INFO [http-nio-8080-exec-27] org.apache.catalina.core.StandardContext.reload Reloading Context with name [/num] is completed
17-Dec-2022 21:22:55.063 INFO [http-nio-8080-exec-23] org.apache.catalina.core.StandardContext.reload Reloading Context with name [/num] has started
17-Dec-2022 21:22:55.371 INFO [http-nio-8080-exec-23] org.apache.jasper.servlet.TldScanner.scanJars At least one JAR was scanned for TLDs yet contained no TLDs. Enable debug logging for this logger for a complete list of JARs that were scanned but no TLDs were found in them. Skipping unneeded JARs during scanning can improve startup time and JSP compilation time.
17-Dec-2022 21:22:55.385 INFO [http-nio-8080-exec-23] org.apache.catalina.core.StandardContext.reload Reloading Context with name [/num] is completed
17-Dec-2022 21:23:18.089 INFO [http-nio-8080-exec-17] org.apache.catalina.core.StandardContext.reload Reloading Context with name [/num] has started
17-Dec-2022 21:23:18.401 INFO [http-nio-8080-exec-17] org.apache.jasper.servlet.TldScanner.scanJars At least one JAR was scanned for TLDs yet contained no TLDs. Enable debug logging for this logger for a complete list of JARs that were scanned but no TLDs were found in them. Skipping unneeded JARs during scanning can improve startup time and JSP compilation time.
17-Dec-2022 21:23:18.416 INFO [http-nio-8080-exec-17] org.apache.catalina.core.StandardContext.reload Reloading Context with name [/num] is completed
17-Dec-2022 21:23:33.126 INFO [http-nio-8080-exec-28] org.apache.catalina.core.StandardContext.reload Reloading Context with name [/num] has started
17-Dec-2022 21:23:33.428 INFO [http-nio-8080-exec-28] org.apache.jasper.servlet.TldScanner.scanJars At least one JAR was scanned for TLDs yet contained no TLDs. Enable debug logging for this logger for a complete list of JARs that were scanned but no TLDs were found in them. Skipping unneeded JARs during scanning can improve startup time and JSP compilation time.
17-Dec-2022 21:23:33.440 INFO [http-nio-8080-exec-28] org.apache.catalina.core.StandardContext.reload Reloading Context with name [/num] is completed
17-Dec-2022 21:23:58.022 INFO [http-nio-8080-exec-27] org.apache.catalina.core.StandardContext.reload Reloading Context with name [/num] has started
17-Dec-2022 21:23:58.345 INFO [http-nio-8080-exec-27] org.apache.jasper.servlet.TldScanner.scanJars At least one JAR was scanned for TLDs yet contained no TLDs. Enable debug logging for this logger for a complete list of JARs that were scanned but no TLDs were found in them. Skipping unneeded JARs during scanning can improve startup time and JSP compilation time.
17-Dec-2022 21:23:58.358 INFO [http-nio-8080-exec-27] org.apache.catalina.core.StandardContext.reload Reloading Context with name [/num] is completed
17-Dec-2022 21:24:02.160 INFO [http-nio-8080-exec-22] org.apache.catalina.core.StandardContext.reload Reloading Context with name [/num] has started
17-Dec-2022 21:24:02.469 INFO [http-nio-8080-exec-22] org.apache.jasper.servlet.TldScanner.scanJars At least one JAR was scanned for TLDs yet contained no TLDs. Enable debug logging for this logger for a complete list of JARs that were scanned but no TLDs were found in them. Skipping unneeded JARs during scanning can improve startup time and JSP compilation time.
17-Dec-2022 21:24:02.482 INFO [http-nio-8080-exec-22] org.apache.catalina.core.StandardContext.reload Reloading Context with name [/num] is completed
17-Dec-2022 21:24:09.174 INFO [http-nio-8080-exec-27] org.apache.catalina.core.StandardContext.reload Reloading Context with name [/num] has started
17-Dec-2022 21:24:09.500 INFO [http-nio-8080-exec-27] org.apache.jasper.servlet.TldScanner.scanJars At least one JAR was scanned for TLDs yet contained no TLDs. Enable debug logging for this logger for a complete list of JARs that were scanned but no TLDs were found in them. Skipping unneeded JARs during scanning can improve startup time and JSP compilation time.
17-Dec-2022 21:24:09.512 INFO [http-nio-8080-exec-27] org.apache.catalina.core.StandardContext.reload Reloading Context with name [/num] is completed
17-Dec-2022 21:24:18.621 INFO [http-nio-8080-exec-28] org.apache.catalina.core.StandardContext.reload Reloading Context with name [/num] has started
17-Dec-2022 21:24:18.933 INFO [http-nio-8080-exec-28] org.apache.jasper.servlet.TldScanner.scanJars At least one JAR was scanned for TLDs yet contained no TLDs. Enable debug logging for this logger for a complete list of JARs that were scanned but no TLDs were found in them. Skipping unneeded JARs during scanning can improve startup time and JSP compilation time.
17-Dec-2022 21:24:18.945 INFO [http-nio-8080-exec-28] org.apache.catalina.core.StandardContext.reload Reloading Context with name [/num] is completed
17-Dec-2022 21:24:31.604 INFO [http-nio-8080-exec-22] org.apache.catalina.core.StandardContext.reload Reloading Context with name [/num] has started
17-Dec-2022 21:24:31.907 INFO [http-nio-8080-exec-22] org.apache.jasper.servlet.TldScanner.scanJars At least one JAR was scanned for TLDs yet contained no TLDs. Enable debug logging for this logger for a complete list of JARs that were scanned but no TLDs were found in them. Skipping unneeded JARs during scanning can improve startup time and JSP compilation time.
17-Dec-2022 21:24:31.920 INFO [http-nio-8080-exec-22] org.apache.catalina.core.StandardContext.reload Reloading Context with name [/num] is completed
17-Dec-2022 21:24:37.696 INFO [http-nio-8080-exec-27] org.apache.catalina.core.StandardContext.reload Reloading Context with name [/num] has started
17-Dec-2022 21:24:37.998 INFO [http-nio-8080-exec-27] org.apache.jasper.servlet.TldScanner.scanJars At least one JAR was scanned for TLDs yet contained no TLDs. Enable debug logging for this logger for a complete list of JARs that were scanned but no TLDs were found in them. Skipping unneeded JARs during scanning can improve startup time and JSP compilation time.
17-Dec-2022 21:24:38.010 INFO [http-nio-8080-exec-27] org.apache.catalina.core.StandardContext.reload Reloading Context with name [/num] is completed
17-Dec-2022 21:25:06.202 INFO [http-nio-8080-exec-28] org.apache.catalina.core.StandardContext.reload Reloading Context with name [/num] has started
17-Dec-2022 21:25:06.509 INFO [http-nio-8080-exec-28] org.apache.jasper.servlet.TldScanner.scanJars At least one JAR was scanned for TLDs yet contained no TLDs. Enable debug logging for this logger for a complete list of JARs that were scanned but no TLDs were found in them. Skipping unneeded JARs during scanning can improve startup time and JSP compilation time.
17-Dec-2022 21:25:06.523 INFO [http-nio-8080-exec-28] org.apache.catalina.core.StandardContext.reload Reloading Context with name [/num] is completed
17-Dec-2022 21:26:22.293 INFO [http-nio-8080-exec-33] org.apache.catalina.core.StandardContext.reload Reloading Context with name [/num] has started
17-Dec-2022 21:26:22.603 INFO [http-nio-8080-exec-33] org.apache.jasper.servlet.TldScanner.scanJars At least one JAR was scanned for TLDs yet contained no TLDs. Enable debug logging for this logger for a complete list of JARs that were scanned but no TLDs were found in them. Skipping unneeded JARs during scanning can improve startup time and JSP compilation time.
17-Dec-2022 21:26:22.616 INFO [http-nio-8080-exec-33] org.apache.catalina.core.StandardContext.reload Reloading Context with name [/num] is completed
<<<<<<< HEAD
17-Dec-2022 21:44:37.970 INFO [http-nio-8080-exec-48] org.apache.catalina.core.StandardContext.reload Reloading Context with name [/num] has started
17-Dec-2022 21:44:38.279 INFO [http-nio-8080-exec-48] org.apache.jasper.servlet.TldScanner.scanJars At least one JAR was scanned for TLDs yet contained no TLDs. Enable debug logging for this logger for a complete list of JARs that were scanned but no TLDs were found in them. Skipping unneeded JARs during scanning can improve startup time and JSP compilation time.
17-Dec-2022 21:44:38.291 INFO [http-nio-8080-exec-48] org.apache.catalina.core.StandardContext.reload Reloading Context with name [/num] is completed
17-Dec-2022 22:03:16.572 INFO [main] org.apache.catalina.core.StandardServer.await A valid shutdown command was received via the shutdown port. Stopping the Server instance.
17-Dec-2022 22:03:16.573 INFO [main] org.apache.coyote.AbstractProtocol.pause Pausing ProtocolHandler ["http-nio-8080"]
17-Dec-2022 22:03:16.585 INFO [main] org.apache.catalina.core.StandardService.stopInternal Stopping service [Catalina]
17-Dec-2022 22:03:16.588 WARNING [localhost-startStop-2] org.apache.catalina.loader.WebappClassLoaderBase.clearReferencesJdbc The web application [num] registered the JDBC driver [com.mysql.cj.jdbc.Driver] but failed to unregister it when the web application was stopped. To prevent a memory leak, the JDBC Driver has been forcibly unregistered.
17-Dec-2022 22:03:16.588 WARNING [localhost-startStop-2] org.apache.catalina.loader.WebappClassLoaderBase.clearReferencesThreads The web application [num] appears to have started a thread named [Abandoned connection cleanup thread] but has failed to stop it. This is very likely to create a memory leak. Stack trace of thread:
 java.base@18.0.1/java.lang.Object.wait(Native Method)
 java.base@18.0.1/java.lang.ref.ReferenceQueue.remove(ReferenceQueue.java:155)
 com.mysql.cj.jdbc.AbandonedConnectionCleanupThread.run(AbandonedConnectionCleanupThread.java:70)
 java.base@18.0.1/java.util.concurrent.ThreadPoolExecutor.runWorker(ThreadPoolExecutor.java:1136)
 java.base@18.0.1/java.util.concurrent.ThreadPoolExecutor$Worker.run(ThreadPoolExecutor.java:635)
 java.base@18.0.1/java.lang.Thread.run(Thread.java:833)
17-Dec-2022 22:03:16.601 INFO [main] org.apache.coyote.AbstractProtocol.stop Stopping ProtocolHandler ["http-nio-8080"]
17-Dec-2022 22:03:16.620 INFO [main] org.apache.coyote.AbstractProtocol.destroy Destroying ProtocolHandler ["http-nio-8080"]
=======
>>>>>>> ea8d1d33fd80d676ae7922c13fc6197acf52bbcb
